<?xml version="1.0" encoding="UTF-8"?>
<testng-results skipped="0" failed="0" ignored="0" total="3" passed="3">
  <reporter-output>
  </reporter-output>
  <suite name="Default suite" duration-ms="147072" started-at="2019-07-25T17:44:14Z" finished-at="2019-07-25T17:46:41Z">
    <groups>
    </groups>
    <test name="Default test" duration-ms="147072" started-at="2019-07-25T17:44:14Z" finished-at="2019-07-25T17:46:41Z">
      <class name="com.training.sanity.tests.SimpleTestCasesTest">
        <test-method status="PASS" signature="setUpBeforeClass()[pri:0, instance:com.training.sanity.tests.SimpleTestCasesTest@6f7fd0e6]" name="setUpBeforeClass" is-config="true" duration-ms="28" started-at="2019-07-25T17:44:14Z" finished-at="2019-07-25T17:44:14Z">
          <reporter-output>
          </reporter-output>
        </test-method> <!-- setUpBeforeClass -->
        <test-method status="PASS" signature="setUp()[pri:0, instance:com.training.sanity.tests.SimpleTestCasesTest@6f7fd0e6]" name="setUp" is-config="true" duration-ms="28751" started-at="2019-07-25T17:44:14Z" finished-at="2019-07-25T17:44:43Z">
          <reporter-output>
          </reporter-output>
        </test-method> <!-- setUp -->
        <test-method status="PASS" signature="profileLNPNEdt()[pri:1, instance:com.training.sanity.tests.SimpleTestCasesTest@6f7fd0e6]" name="profileLNPNEdt" duration-ms="20468" started-at="2019-07-25T17:44:43Z" finished-at="2019-07-25T17:45:03Z">
          <reporter-output>
          </reporter-output>
        </test-method> <!-- profileLNPNEdt -->
        <test-method status="PASS" signature="tearDown()[pri:0, instance:com.training.sanity.tests.SimpleTestCasesTest@6f7fd0e6]" name="tearDown" is-config="true" duration-ms="919" started-at="2019-07-25T17:45:03Z" finished-at="2019-07-25T17:45:04Z">
          <reporter-output>
          </reporter-output>
        </test-method> <!-- tearDown -->
        <test-method status="PASS" signature="setUp()[pri:0, instance:com.training.sanity.tests.SimpleTestCasesTest@6f7fd0e6]" name="setUp" is-config="true" duration-ms="31627" started-at="2019-07-25T17:45:04Z" finished-at="2019-07-25T17:45:36Z">
          <reporter-output>
          </reporter-output>
        </test-method> <!-- setUp -->
        <test-method status="PASS" signature="generatePassWd()[pri:2, instance:com.training.sanity.tests.SimpleTestCasesTest@6f7fd0e6]" name="generatePassWd" duration-ms="25508" started-at="2019-07-25T17:45:36Z" finished-at="2019-07-25T17:46:01Z">
          <reporter-output>
          </reporter-output>
        </test-method> <!-- generatePassWd -->
        <test-method status="PASS" signature="tearDown()[pri:0, instance:com.training.sanity.tests.SimpleTestCasesTest@6f7fd0e6]" name="tearDown" is-config="true" duration-ms="878" started-at="2019-07-25T17:46:01Z" finished-at="2019-07-25T17:46:02Z">
          <reporter-output>
          </reporter-output>
        </test-method> <!-- tearDown -->
        <test-method status="PASS" signature="setUp()[pri:0, instance:com.training.sanity.tests.SimpleTestCasesTest@6f7fd0e6]" name="setUp" is-config="true" duration-ms="22914" started-at="2019-07-25T17:46:02Z" finished-at="2019-07-25T17:46:25Z">
          <reporter-output>
          </reporter-output>
        </test-method> <!-- setUp -->
        <test-method status="PASS" signature="logOutAdmin()[pri:3, instance:com.training.sanity.tests.SimpleTestCasesTest@6f7fd0e6]" name="logOutAdmin" duration-ms="15028" started-at="2019-07-25T17:46:25Z" finished-at="2019-07-25T17:46:40Z">
          <reporter-output>
          </reporter-output>
        </test-method> <!-- logOutAdmin -->
        <test-method status="PASS" signature="tearDown()[pri:0, instance:com.training.sanity.tests.SimpleTestCasesTest@6f7fd0e6]" name="tearDown" is-config="true" duration-ms="912" started-at="2019-07-25T17:46:40Z" finished-at="2019-07-25T17:46:41Z">
          <reporter-output>
          </reporter-output>
        </test-method> <!-- tearDown -->
      </class> <!-- com.training.sanity.tests.SimpleTestCasesTest -->
    </test> <!-- Default test -->
  </suite> <!-- Default suite -->
</testng-results>
